DEPRECATION WARNING: Single arity template handlers are deprecated. Template handlers must
now accept two parameters, the view object and the source for the view object.
Change:
  >> Coffee::Rails::TemplateHandler.call(template)
To:
  >> Coffee::Rails::TemplateHandler.call(template, source)
 (called from <top (required)> at D:/Company Work/Microverse/RailsBeginning/Articles-Web-App-dev/Articles-Web-App-dev/config/environment.rb:5)
Started GET "/" for 127.0.0.1 at 2020-06-07 01:53:09 +0530
  [1m[35m (9.3ms)[0m  [1m[34mSELECT sqlite_version(*)[0m
  
ActiveRecord::PendingMigrationError (

Migrations are pending. To resolve this issue, run:

        rails db:migrate RAILS_ENV=development

):
  
activerecord (6.0.3.1) lib/active_record/migration.rb:586:in `check_pending!'
activerecord (6.0.3.1) lib/active_record/migration.rb:564:in `call'
actionpack (6.0.3.1) lib/action_dispatch/middleware/callbacks.rb:27:in `block in call'
activesupport (6.0.3.1) lib/active_support/callbacks.rb:101:in `run_callbacks'
actionpack (6.0.3.1) lib/action_dispatch/middleware/callbacks.rb:26:in `call'
actionpack (6.0.3.1) lib/action_dispatch/middleware/executor.rb:14:in `call'
actionpack (6.0.3.1) lib/action_dispatch/middleware/actionable_exceptions.rb:17:in `call'
actionpack (6.0.3.1) lib/action_dispatch/middleware/debug_exceptions.rb:32:in `call'
web-console (4.0.2) lib/web_console/middleware.rb:132:in `call_app'
web-console (4.0.2) lib/web_console/middleware.rb:28:in `block in call'
web-console (4.0.2) lib/web_console/middleware.rb:17:in `catch'
web-console (4.0.2) lib/web_console/middleware.rb:17:in `call'
actionpack (6.0.3.1) lib/action_dispatch/middleware/show_exceptions.rb:33:in `call'
railties (6.0.3.1) lib/rails/rack/logger.rb:37:in `call_app'
railties (6.0.3.1) lib/rails/rack/logger.rb:26:in `block in call'
activesupport (6.0.3.1) lib/active_support/tagged_logging.rb:80:in `block in tagged'
activesupport (6.0.3.1) lib/active_support/tagged_logging.rb:28:in `tagged'
activesupport (6.0.3.1) lib/active_support/tagged_logging.rb:80:in `tagged'
railties (6.0.3.1) lib/rails/rack/logger.rb:26:in `call'
sprockets-rails (3.2.1) lib/sprockets/rails/quiet_assets.rb:13:in `call'
actionpack (6.0.3.1) lib/action_dispatch/middleware/remote_ip.rb:81:in `call'
actionpack (6.0.3.1) lib/action_dispatch/middleware/request_id.rb:27:in `call'
rack (2.2.2) lib/rack/method_override.rb:24:in `call'
rack (2.2.2) lib/rack/runtime.rb:22:in `call'
activesupport (6.0.3.1) lib/active_support/cache/strategy/local_cache_middleware.rb:29:in `call'
actionpack (6.0.3.1) lib/action_dispatch/middleware/executor.rb:14:in `call'
actionpack (6.0.3.1) lib/action_dispatch/middleware/static.rb:126:in `call'
rack (2.2.2) lib/rack/sendfile.rb:110:in `call'
actionpack (6.0.3.1) lib/action_dispatch/middleware/host_authorization.rb:82:in `call'
railties (6.0.3.1) lib/rails/engine.rb:527:in `call'
puma (4.3.5) lib/puma/configuration.rb:228:in `call'
puma (4.3.5) lib/puma/server.rb:713:in `handle_request'
puma (4.3.5) lib/puma/server.rb:472:in `process_client'
puma (4.3.5) lib/puma/server.rb:328:in `block in run'
puma (4.3.5) lib/puma/thread_pool.rb:134:in `block in spawn_thread'
  [1m[35m (6.7ms)[0m  [1m[34mSELECT sqlite_version(*)[0m
  [1m[35m (212.7ms)[0m  [1m[35mCREATE TABLE "schema_migrations" ("version" varchar NOT NULL PRIMARY KEY)[0m
  [1m[35m (129.5ms)[0m  [1m[35mCREATE TABLE "ar_internal_metadata" ("key" varchar NOT NULL PRIMARY KEY, "value" varchar, "created_at" datetime(6) NOT NULL, "updated_at" datetime(6) NOT NULL)[0m
  [1m[35m (0.2ms)[0m  [1m[34mSELECT "schema_migrations"."version" FROM "schema_migrations" ORDER BY "schema_migrations"."version" ASC[0m
Migrating to CreateUsers (20200220163338)
  [1m[35m (0.1ms)[0m  [1m[36mbegin transaction[0m
  [1m[35m (2.1ms)[0m  [1m[35mCREATE TABLE "users" ("id" integer PRIMARY KEY AUTOINCREMENT NOT NULL, "name" varchar, "created_at" datetime NOT NULL, "updated_at" datetime NOT NULL)[0m
  [1m[36mprimary::SchemaMigration Create (0.3ms)[0m  [1m[32mINSERT INTO "schema_migrations" ("version") VALUES (?)[0m  [["version", "20200220163338"]]
  [1m[35m (157.7ms)[0m  [1m[36mcommit transaction[0m
Migrating to CreateArticles (20200220171112)
  [1m[35m (0.1ms)[0m  [1m[36mbegin transaction[0m
  [1m[35m (1.5ms)[0m  [1m[35mCREATE TABLE "articles" ("id" integer PRIMARY KEY AUTOINCREMENT NOT NULL, "user_id" integer, "title" varchar, "text" varchar, "created_at" datetime NOT NULL, "updated_at" datetime NOT NULL)[0m
  [1m[35m (0.6ms)[0m  [1m[35mCREATE  INDEX "index_articles_on_user_id" ON "articles" ("user_id")[0m
  [1m[36mprimary::SchemaMigration Create (0.3ms)[0m  [1m[32mINSERT INTO "schema_migrations" ("version") VALUES (?)[0m  [["version", "20200220171112"]]
  [1m[35m (181.5ms)[0m  [1m[36mcommit transaction[0m
Migrating to CreateVotes (20200221165045)
  [1m[35m (0.1ms)[0m  [1m[36mbegin transaction[0m
  [1m[35m (1.3ms)[0m  [1m[35mCREATE TABLE "votes" ("id" integer PRIMARY KEY AUTOINCREMENT NOT NULL, "user_id" integer, "article_id" integer, "created_at" datetime NOT NULL, "updated_at" datetime NOT NULL)[0m
  [1m[35m (0.1ms)[0m  [1m[35mPRAGMA foreign_keys[0m
  [1m[35m (0.1ms)[0m  [1m[35mPRAGMA defer_foreign_keys[0m
  [1m[35m (0.1ms)[0m  [1m[35mPRAGMA defer_foreign_keys = ON[0m
  [1m[35m (0.0ms)[0m  [1m[35mPRAGMA foreign_keys = OFF[0m
  [1m[35m (0.2ms)[0m  [1m[35mCREATE TEMPORARY TABLE "avotes" ("id" integer NOT NULL PRIMARY KEY, "user_id" integer DEFAULT NULL, "article_id" integer DEFAULT NULL, "created_at" datetime NOT NULL, "updated_at" datetime NOT NULL)[0m
  [1m[35m (0.1ms)[0m  [1m[32mINSERT INTO "avotes" ("id","user_id","article_id","created_at","updated_at")
                     SELECT "id","user_id","article_id","created_at","updated_at" FROM "votes"[0m
  [1m[35m (0.1ms)[0m  [1m[35mDROP TABLE "votes"[0m
  [1m[35m (0.2ms)[0m  [1m[35mCREATE TABLE "votes" ("id" integer NOT NULL PRIMARY KEY, "user_id" integer DEFAULT NULL, "article_id" integer DEFAULT NULL, "created_at" datetime NOT NULL, "updated_at" datetime NOT NULL, CONSTRAINT "fk_rails_c9b3bef597"
FOREIGN KEY ("user_id")
  REFERENCES "users" ("id")
)[0m
  [1m[35m (0.1ms)[0m  [1m[32mINSERT INTO "votes" ("id","user_id","article_id","created_at","updated_at")
                     SELECT "id","user_id","article_id","created_at","updated_at" FROM "avotes"[0m
  [1m[35m (0.1ms)[0m  [1m[35mDROP TABLE "avotes"[0m
  [1m[35m (0.1ms)[0m  [1m[35mPRAGMA defer_foreign_keys = 0[0m
  [1m[35m (0.0ms)[0m  [1m[35mPRAGMA foreign_keys = 1[0m
  [1m[35m (0.1ms)[0m  [1m[35mPRAGMA foreign_keys[0m
  [1m[35m (0.1ms)[0m  [1m[35mPRAGMA defer_foreign_keys[0m
  [1m[35m (0.1ms)[0m  [1m[35mPRAGMA defer_foreign_keys = ON[0m
  [1m[35m (0.1ms)[0m  [1m[35mPRAGMA foreign_keys = OFF[0m
  [1m[35m (0.2ms)[0m  [1m[35mCREATE TEMPORARY TABLE "avotes" ("id" integer NOT NULL PRIMARY KEY, "user_id" integer DEFAULT NULL, "article_id" integer DEFAULT NULL, "created_at" datetime NOT NULL, "updated_at" datetime NOT NULL)[0m
  [1m[35m (0.1ms)[0m  [1m[32mINSERT INTO "avotes" ("id","user_id","article_id","created_at","updated_at")
                     SELECT "id","user_id","article_id","created_at","updated_at" FROM "votes"[0m
  [1m[35m (0.2ms)[0m  [1m[35mDROP TABLE "votes"[0m
  [1m[35m (0.2ms)[0m  [1m[35mCREATE TABLE "votes" ("id" integer NOT NULL PRIMARY KEY, "user_id" integer DEFAULT NULL, "article_id" integer DEFAULT NULL, "created_at" datetime NOT NULL, "updated_at" datetime NOT NULL, CONSTRAINT "fk_rails_c9b3bef597"
FOREIGN KEY ("user_id")
  REFERENCES "users" ("id")
, CONSTRAINT "fk_rails_041a10f835"
FOREIGN KEY ("article_id")
  REFERENCES "articles" ("id")
)[0m
  [1m[35m (0.1ms)[0m  [1m[32mINSERT INTO "votes" ("id","user_id","article_id","created_at","updated_at")
                     SELECT "id","user_id","article_id","created_at","updated_at" FROM "avotes"[0m
  [1m[35m (0.1ms)[0m  [1m[35mDROP TABLE "avotes"[0m
  [1m[35m (0.1ms)[0m  [1m[35mPRAGMA defer_foreign_keys = 0[0m
  [1m[35m (0.2ms)[0m  [1m[35mPRAGMA foreign_keys = 1[0m
  [1m[36mprimary::SchemaMigration Create (0.3ms)[0m  [1m[32mINSERT INTO "schema_migrations" ("version") VALUES (?)[0m  [["version", "20200221165045"]]
  [1m[35m (189.7ms)[0m  [1m[36mcommit transaction[0m
Migrating to CreateCategories (20200221181241)
  [1m[35m (0.2ms)[0m  [1m[36mbegin transaction[0m
  [1m[35m (1.5ms)[0m  [1m[35mCREATE TABLE "categories" ("id" integer PRIMARY KEY AUTOINCREMENT NOT NULL, "name" varchar, "priority" integer, "created_at" datetime NOT NULL, "updated_at" datetime NOT NULL)[0m
  [1m[36mprimary::SchemaMigration Create (0.4ms)[0m  [1m[32mINSERT INTO "schema_migrations" ("version") VALUES (?)[0m  [["version", "20200221181241"]]
  [1m[35m (144.1ms)[0m  [1m[36mcommit transaction[0m
Migrating to AddCategoryIdToArticles (20200221183920)
  [1m[35m (0.1ms)[0m  [1m[36mbegin transaction[0m
  [1m[35m (1.6ms)[0m  [1m[35mALTER TABLE "articles" ADD "category_id" integer[0m
  [1m[35m (0.2ms)[0m  [1m[35mCREATE  INDEX "index_articles_on_category_id" ON "articles" ("category_id")[0m
  [1m[36mprimary::SchemaMigration Create (0.3ms)[0m  [1m[32mINSERT INTO "schema_migrations" ("version") VALUES (?)[0m  [["version", "20200221183920"]]
  [1m[35m (200.4ms)[0m  [1m[36mcommit transaction[0m
Migrating to AddImageToArticles (20200224180518)
  [1m[35m (0.2ms)[0m  [1m[36mbegin transaction[0m
  [1m[35m (2.2ms)[0m  [1m[35mALTER TABLE "articles" ADD "image" varchar[0m
  [1m[36mprimary::SchemaMigration Create (0.5ms)[0m  [1m[32mINSERT INTO "schema_migrations" ("version") VALUES (?)[0m  [["version", "20200224180518"]]
  [1m[35m (215.1ms)[0m  [1m[36mcommit transaction[0m
Migrating to AddIndexsToVotes (20200302193724)
  [1m[35m (0.1ms)[0m  [1m[36mbegin transaction[0m
  [1m[35m (2.1ms)[0m  [1m[35mCREATE  INDEX "index_votes_on_article_id" ON "votes" ("article_id")[0m
  [1m[35m (0.3ms)[0m  [1m[35mCREATE  INDEX "index_votes_on_user_id" ON "votes" ("user_id")[0m
  [1m[36mprimary::SchemaMigration Create (0.3ms)[0m  [1m[32mINSERT INTO "schema_migrations" ("version") VALUES (?)[0m  [["version", "20200302193724"]]
  [1m[35m (156.3ms)[0m  [1m[36mcommit transaction[0m
  [1m[36mActiveRecord::InternalMetadata Load (0.2ms)[0m  [1m[34mSELECT "ar_internal_metadata".* FROM "ar_internal_metadata" WHERE "ar_internal_metadata"."key" = ? LIMIT ?[0m  [["key", "environment"], ["LIMIT", 1]]
  [1m[35m (0.1ms)[0m  [1m[36mbegin transaction[0m
  [1m[36mActiveRecord::InternalMetadata Create (1.1ms)[0m  [1m[32mINSERT INTO "ar_internal_metadata" ("key", "value", "created_at", "updated_at") VALUES (?, ?, ?, ?)[0m  [["key", "environment"], ["value", "development"], ["created_at", "2020-06-06 20:23:38.647864"], ["updated_at", "2020-06-06 20:23:38.647864"]]
  [1m[35m (440.8ms)[0m  [1m[36mcommit transaction[0m
  [1m[35m (0.1ms)[0m  [1m[34mSELECT sqlite_version(*)[0m
  [1m[35m (0.3ms)[0m  [1m[34mSELECT "schema_migrations"."version" FROM "schema_migrations" ORDER BY "schema_migrations"."version" ASC[0m
Started GET "/" for 127.0.0.1 at 2020-06-07 01:53:49 +0530
  [1m[35m (0.1ms)[0m  [1m[34mSELECT sqlite_version(*)[0m
  [1m[35m (0.3ms)[0m  [1m[34mSELECT "schema_migrations"."version" FROM "schema_migrations" ORDER BY "schema_migrations"."version" ASC[0m
Processing by HomeController#index as HTML
Redirected to http://127.0.0.1:3000/login
Filter chain halted as :require_logged_in rendered or redirected
Completed 302 Found in 12ms (ActiveRecord: 0.0ms | Allocations: 422)


Started GET "/login" for 127.0.0.1 at 2020-06-07 01:53:50 +0530
Processing by SessionsController#new as HTML
  Rendering sessions/new.html.erb within layouts/application
  Rendered sessions/new.html.erb within layouts/application (Duration: 10.8ms | Allocations: 991)
Completed 500 Internal Server Error in 68ms (ActiveRecord: 0.0ms | Allocations: 9776)


  
ActionView::Template::Error (couldn't find file 'font-awesome' with type 'text/css'
Checked in these paths: 
  D:/Company Work/Microverse/RailsBeginning/Articles-Web-App-dev/Articles-Web-App-dev/app/assets/config
  D:/Company Work/Microverse/RailsBeginning/Articles-Web-App-dev/Articles-Web-App-dev/app/assets/images
  D:/Company Work/Microverse/RailsBeginning/Articles-Web-App-dev/Articles-Web-App-dev/app/assets/javascripts
  D:/Company Work/Microverse/RailsBeginning/Articles-Web-App-dev/Articles-Web-App-dev/app/assets/stylesheets
  C:/Ruby26-x64/lib/ruby/gems/2.6.0/gems/coffee-rails-4.2.2/lib/assets/javascripts
  C:/Ruby26-x64/lib/ruby/gems/2.6.0/gems/actioncable-6.0.3.1/app/assets/javascripts
  C:/Ruby26-x64/lib/ruby/gems/2.6.0/gems/activestorage-6.0.3.1/app/assets/javascripts
  C:/Ruby26-x64/lib/ruby/gems/2.6.0/gems/actionview-6.0.3.1/lib/assets/compiled
  C:/Ruby26-x64/lib/ruby/gems/2.6.0/gems/turbolinks-source-5.2.0/lib/assets/javascripts
  D:/Company Work/Microverse/RailsBeginning/Articles-Web-App-dev/Articles-Web-App-dev/node_modules):
     5:   <%= csrf_meta_tags %>
     6:   <%= csp_meta_tag %>
     7:   <meta name="viewport" content="width=device-width, initial-scale=1.0" />
     8:   <%= stylesheet_link_tag    'application', media: 'all', 'data-turbolinks-track': 'reload' %>
     9:   <%= javascript_include_tag 'application', 'data-turbolinks-track': 'reload' %>
    10: </head>
    11: <%= render 'shared/navbar'  %>
  
app/assets/stylesheets/application.scss:15
app/views/layouts/application.html.erb:8
Started GET "/login" for 127.0.0.1 at 2020-06-07 01:57:40 +0530
Processing by SessionsController#new as HTML
  Rendering sessions/new.html.erb within layouts/application
  Rendered sessions/new.html.erb within layouts/application (Duration: 0.7ms | Allocations: 301)
Completed 500 Internal Server Error in 25ms (ActiveRecord: 0.0ms | Allocations: 4760)


  
ActionView::Template::Error (couldn't find file 'font-awesome' with type 'text/css'
Checked in these paths: 
  D:/Company Work/Microverse/RailsBeginning/Articles-Web-App-dev/Articles-Web-App-dev/app/assets/config
  D:/Company Work/Microverse/RailsBeginning/Articles-Web-App-dev/Articles-Web-App-dev/app/assets/images
  D:/Company Work/Microverse/RailsBeginning/Articles-Web-App-dev/Articles-Web-App-dev/app/assets/javascripts
  D:/Company Work/Microverse/RailsBeginning/Articles-Web-App-dev/Articles-Web-App-dev/app/assets/stylesheets
  C:/Ruby26-x64/lib/ruby/gems/2.6.0/gems/coffee-rails-4.2.2/lib/assets/javascripts
  C:/Ruby26-x64/lib/ruby/gems/2.6.0/gems/actioncable-6.0.3.1/app/assets/javascripts
  C:/Ruby26-x64/lib/ruby/gems/2.6.0/gems/activestorage-6.0.3.1/app/assets/javascripts
  C:/Ruby26-x64/lib/ruby/gems/2.6.0/gems/actionview-6.0.3.1/lib/assets/compiled
  C:/Ruby26-x64/lib/ruby/gems/2.6.0/gems/turbolinks-source-5.2.0/lib/assets/javascripts
  D:/Company Work/Microverse/RailsBeginning/Articles-Web-App-dev/Articles-Web-App-dev/node_modules):
     5:   <%= csrf_meta_tags %>
     6:   <%= csp_meta_tag %>
     7:   <meta name="viewport" content="width=device-width, initial-scale=1.0" />
     8:   <%= stylesheet_link_tag    'application', media: 'all', 'data-turbolinks-track': 'reload' %>
     9:   <%= javascript_include_tag 'application', 'data-turbolinks-track': 'reload' %>
    10: </head>
    11: <%= render 'shared/navbar'  %>
  
app/assets/stylesheets/application.scss:15
app/views/layouts/application.html.erb:8
Started GET "/" for ::1 at 2020-06-07 01:58:53 +0530
  [1m[35m (0.3ms)[0m  [1m[34mSELECT "schema_migrations"."version" FROM "schema_migrations" ORDER BY "schema_migrations"."version" ASC[0m
  ↳ C:/Ruby26-x64/lib/ruby/gems/2.6.0/gems/activerecord-5.2.4.3/lib/active_record/log_subscriber.rb:98
Processing by HomeController#index as HTML
Redirected to http://localhost:3000/login
Filter chain halted as :require_logged_in rendered or redirected
Completed 302 Found in 12ms (ActiveRecord: 0.0ms)


Started GET "/login" for ::1 at 2020-06-07 01:58:54 +0530
Processing by SessionsController#new as HTML
  Rendering sessions/new.html.erb within layouts/application
  Rendered sessions/new.html.erb within layouts/application (198.7ms)
  Rendered shared/_navbar.html.erb (5.7ms)
  Rendered shared/_footer.html.erb (29.5ms)
Completed 200 OK in 11527ms (Views: 11521.3ms | ActiveRecord: 0.0ms)


Started GET "/signup" for ::1 at 2020-06-07 01:59:08 +0530
Processing by UsersController#new as HTML
  Rendering users/new.html.erb within layouts/application
  Rendered shared/_error_messages.html.erb (0.2ms)
  Rendered users/new.html.erb within layouts/application (11.0ms)
  Rendered shared/_navbar.html.erb (5.1ms)
  Rendered shared/_footer.html.erb (16.4ms)
Completed 200 OK in 368ms (Views: 284.3ms | ActiveRecord: 0.9ms)


Started GET "/login" for ::1 at 2020-06-07 01:59:09 +0530
Processing by SessionsController#new as HTML
  Rendering sessions/new.html.erb within layouts/application
  Rendered sessions/new.html.erb within layouts/application (1.7ms)
  Rendered shared/_navbar.html.erb (4.7ms)
  Rendered shared/_footer.html.erb (19.4ms)
Completed 200 OK in 298ms (Views: 292.1ms | ActiveRecord: 0.0ms)


Started GET "/signup" for ::1 at 2020-06-07 01:59:09 +0530
Processing by UsersController#new as HTML
  Rendering users/new.html.erb within layouts/application
  Rendered shared/_error_messages.html.erb (0.4ms)
  Rendered users/new.html.erb within layouts/application (15.8ms)
  Rendered shared/_navbar.html.erb (2.9ms)
  Rendered shared/_footer.html.erb (15.5ms)
Completed 200 OK in 272ms (Views: 267.6ms | ActiveRecord: 0.0ms)


Started GET "/login" for ::1 at 2020-06-07 01:59:11 +0530
Processing by SessionsController#new as HTML
  Rendering sessions/new.html.erb within layouts/application
  Rendered sessions/new.html.erb within layouts/application (2.3ms)
  Rendered shared/_navbar.html.erb (4.4ms)
  Rendered shared/_footer.html.erb (19.0ms)
Completed 200 OK in 339ms (Views: 334.0ms | ActiveRecord: 0.0ms)


Started GET "/signup" for ::1 at 2020-06-07 02:10:16 +0530
  [1m[35m (0.4ms)[0m  [1m[34mSELECT "schema_migrations"."version" FROM "schema_migrations" ORDER BY "schema_migrations"."version" ASC[0m
  ↳ C:/Ruby26-x64/lib/ruby/gems/2.6.0/gems/activerecord-5.2.4.3/lib/active_record/log_subscriber.rb:98
Processing by UsersController#new as HTML
  Rendering users/new.html.erb within layouts/application
  Rendered shared/_error_messages.html.erb (0.5ms)
  Rendered users/new.html.erb within layouts/application (41.3ms)
Started GET "/" for ::1 at 2020-06-07 02:10:23 +0530
  Rendered shared/_navbar.html.erb (5.4ms)
  Rendered shared/_footer.html.erb (25.2ms)
Completed 200 OK in 8865ms (Views: 8798.0ms | ActiveRecord: 1.6ms)


Processing by HomeController#index as HTML
Redirected to http://localhost:3000/login
Filter chain halted as :require_logged_in rendered or redirected
Completed 302 Found in 2ms (ActiveRecord: 0.0ms)


Started GET "/login" for ::1 at 2020-06-07 02:10:25 +0530
Processing by SessionsController#new as HTML
  Rendering sessions/new.html.erb within layouts/application
  Rendered sessions/new.html.erb within layouts/application (1.7ms)
  Rendered shared/_navbar.html.erb (4.0ms)
  Rendered shared/_footer.html.erb (15.3ms)
Completed 200 OK in 372ms (Views: 327.9ms | ActiveRecord: 0.0ms)


Started GET "/signup" for ::1 at 2020-06-07 02:10:28 +0530
Processing by UsersController#new as HTML
  Rendering users/new.html.erb within layouts/application
  Rendered shared/_error_messages.html.erb (0.2ms)
  Rendered users/new.html.erb within layouts/application (4.9ms)
  Rendered shared/_navbar.html.erb (3.6ms)
  Rendered shared/_footer.html.erb (19.2ms)
Completed 200 OK in 262ms (Views: 257.7ms | ActiveRecord: 0.0ms)


Started GET "/" for ::1 at 2020-06-07 02:22:44 +0530
Processing by HomeController#index as HTML
Redirected to http://localhost:3000/login
Filter chain halted as :require_logged_in rendered or redirected
Completed 302 Found in 3ms (ActiveRecord: 0.0ms)


Started GET "/login" for ::1 at 2020-06-07 02:22:44 +0530
Processing by SessionsController#new as HTML
  Rendering sessions/new.html.erb within layouts/application
  Rendered sessions/new.html.erb within layouts/application (1.6ms)
  Rendered shared/_navbar.html.erb (4.6ms)
  Rendered shared/_footer.html.erb (15.4ms)
Completed 200 OK in 290ms (Views: 278.3ms | ActiveRecord: 0.0ms)


Started GET "/login" for ::1 at 2020-06-07 02:23:31 +0530
Processing by SessionsController#new as HTML
  Rendering sessions/new.html.erb within layouts/application
  Rendered sessions/new.html.erb within layouts/application (2.7ms)
  Rendered shared/_navbar.html.erb (3.0ms)
  Rendered shared/_footer.html.erb (19.1ms)
Completed 200 OK in 401ms (Views: 392.4ms | ActiveRecord: 0.0ms)


Started GET "/" for ::1 at 2020-06-07 02:24:00 +0530
Processing by HomeController#index as HTML
Redirected to http://localhost:3000/login
Filter chain halted as :require_logged_in rendered or redirected
Completed 302 Found in 50ms (ActiveRecord: 0.0ms)


Started GET "/login" for ::1 at 2020-06-07 02:24:01 +0530
Processing by SessionsController#new as HTML
  Rendering sessions/new.html.erb within layouts/application
  Rendered sessions/new.html.erb within layouts/application (1.3ms)
  Rendered shared/_navbar.html.erb (3.5ms)
  Rendered shared/_footer.html.erb (13.8ms)
Completed 200 OK in 279ms (Views: 275.3ms | ActiveRecord: 0.0ms)


Started GET "/login" for ::1 at 2020-06-07 02:24:04 +0530
Processing by SessionsController#new as HTML
  Rendering sessions/new.html.erb within layouts/application
  Rendered sessions/new.html.erb within layouts/application (3.6ms)
  Rendered shared/_navbar.html.erb (3.1ms)
  Rendered shared/_footer.html.erb (13.2ms)
Completed 200 OK in 283ms (Views: 276.5ms | ActiveRecord: 0.0ms)


Started GET "/signup" for ::1 at 2020-06-07 02:24:05 +0530
Processing by UsersController#new as HTML
  Rendering users/new.html.erb within layouts/application
  Rendered shared/_error_messages.html.erb (0.3ms)
  Rendered users/new.html.erb within layouts/application (9.3ms)
  Rendered shared/_navbar.html.erb (3.0ms)
  Rendered shared/_footer.html.erb (12.6ms)
Completed 200 OK in 312ms (Views: 306.1ms | ActiveRecord: 0.0ms)


Started POST "/users" for ::1 at 2020-06-07 02:24:21 +0530
Processing by UsersController#create as HTML
  Parameters: {"utf8"=>"✓", "authenticity_token"=>"4+wtloRlMj9aACB6WNhr/Uee95g9W9/i5gyIZLEwN+jA0Ws2S7dWDnhHFW8s3lj2D/9N1GnZvKeQ3yoTnlesYQ==", "user"=>{"name"=>"Shubham"}, "commit"=>"Create account"}
  [1m[35m (0.1ms)[0m  [1m[36mbegin transaction[0m
  ↳ app/controllers/users_controller.rb:8
  [1m[36mUser Exists (0.4ms)[0m  [1m[34mSELECT  1 AS one FROM "users" WHERE LOWER("users"."name") = LOWER(?) LIMIT ?[0m  [["name", "Shubham"], ["LIMIT", 1]]
  ↳ app/controllers/users_controller.rb:8
  [1m[36mUser Create (2.5ms)[0m  [1m[32mINSERT INTO "users" ("name", "created_at", "updated_at") VALUES (?, ?, ?)[0m  [["name", "Shubham"], ["created_at", "2020-06-06 20:54:21.390698"], ["updated_at", "2020-06-06 20:54:21.390698"]]
  ↳ app/controllers/users_controller.rb:8
  [1m[35m (140.9ms)[0m  [1m[36mcommit transaction[0m
  ↳ app/controllers/users_controller.rb:8
Redirected to http://localhost:3000/
Completed 302 Found in 182ms (ActiveRecord: 143.8ms)


Started GET "/" for ::1 at 2020-06-07 02:24:21 +0530
Processing by HomeController#index as HTML
  [1m[36mUser Load (0.3ms)[0m  [1m[34mSELECT  "users".* FROM "users" WHERE "users"."id" = ? LIMIT ?[0m  [["id", 1], ["LIMIT", 1]]
  ↳ app/helpers/session_helper.rb:12
  [1m[36mArticle Load (0.2ms)[0m  [1m[34mSELECT  "articles".* FROM "articles" ORDER BY "articles"."id" ASC LIMIT ?[0m  [["LIMIT", 1]]
  ↳ app/helpers/vote_helper.rb:5
  [1m[36mArticle Load (0.3ms)[0m  [1m[34mSELECT "articles".* FROM "articles"[0m
  ↳ app/helpers/vote_helper.rb:6
  Rendering home/index.html.erb within layouts/application
  [1m[36mCategory Load (0.3ms)[0m  [1m[34mSELECT "categories".* FROM "categories" ORDER BY "categories"."priority" ASC[0m
  ↳ app/views/home/index.html.erb:22
  Rendered home/index.html.erb within layouts/application (12.6ms)
  Rendered shared/_navbar.html.erb (3.3ms)
  Rendered shared/_footer.html.erb (17.7ms)
Completed 200 OK in 440ms (Views: 267.4ms | ActiveRecord: 2.7ms)


Started DELETE "/logout" for ::1 at 2020-06-07 02:26:50 +0530
Processing by SessionsController#destroy as HTML
  Parameters: {"authenticity_token"=>"pOnc3rnMszJxYkbO4I4qEl2Q5FRvz0w5LyKDpwf0S8WOJLlKaT8NyQoe+/t7hsfp/mItKakfIz0a6Yue2sSoLA=="}
Redirected to http://localhost:3000/
Completed 302 Found in 12ms (ActiveRecord: 0.0ms)


Started GET "/" for ::1 at 2020-06-07 02:26:50 +0530
Processing by HomeController#index as HTML
Redirected to http://localhost:3000/login
Filter chain halted as :require_logged_in rendered or redirected
Completed 302 Found in 17ms (ActiveRecord: 0.0ms)


Started GET "/login" for ::1 at 2020-06-07 02:26:50 +0530
Processing by SessionsController#new as HTML
  Rendering sessions/new.html.erb within layouts/application
  Rendered sessions/new.html.erb within layouts/application (1.5ms)
  Rendered shared/_navbar.html.erb (4.5ms)
  Rendered shared/_footer.html.erb (15.9ms)
Completed 200 OK in 380ms (Views: 372.7ms | ActiveRecord: 0.0ms)


Started GET "/login" for ::1 at 2020-06-07 02:26:54 +0530
Processing by SessionsController#new as HTML
  Rendering sessions/new.html.erb within layouts/application
  Rendered sessions/new.html.erb within layouts/application (2.1ms)
  Rendered shared/_navbar.html.erb (3.1ms)
  Rendered shared/_footer.html.erb (36.1ms)
Completed 200 OK in 286ms (Views: 281.7ms | ActiveRecord: 0.0ms)


Started POST "/login" for ::1 at 2020-06-07 02:27:11 +0530
Processing by SessionsController#create as HTML
  Parameters: {"utf8"=>"✓", "authenticity_token"=>"FwgYLWO2Y8H9Or6gw/owz96AH1cZ3jl/aj+1UjoSCsSv8ZgrmP9IXEl52WOEOpr331Jjx4IXYUV7uPXuVLmdOQ==", "session"=>{"name"=>"Shubham"}, "commit"=>"Login"}
  [1m[36mUser Load (0.4ms)[0m  [1m[34mSELECT  "users".* FROM "users" WHERE "users"."name" = ? LIMIT ?[0m  [["name", "Shubham"], ["LIMIT", 1]]
  ↳ app/controllers/sessions_controller.rb:5
Redirected to http://localhost:3000/
Completed 302 Found in 66ms (ActiveRecord: 2.2ms)


Started GET "/" for ::1 at 2020-06-07 02:27:12 +0530
Processing by HomeController#index as HTML
  [1m[36mUser Load (0.8ms)[0m  [1m[34mSELECT  "users".* FROM "users" WHERE "users"."id" = ? LIMIT ?[0m  [["id", 1], ["LIMIT", 1]]
  ↳ app/helpers/session_helper.rb:14
  [1m[36mArticle Load (0.5ms)[0m  [1m[34mSELECT  "articles".* FROM "articles" ORDER BY "articles"."id" ASC LIMIT ?[0m  [["LIMIT", 1]]
  ↳ app/helpers/vote_helper.rb:5
  [1m[36mArticle Load (0.4ms)[0m  [1m[34mSELECT "articles".* FROM "articles"[0m
  ↳ app/helpers/vote_helper.rb:6
  Rendering home/index.html.erb within layouts/application
  [1m[36mCategory Load (0.3ms)[0m  [1m[34mSELECT "categories".* FROM "categories" ORDER BY "categories"."priority" ASC[0m
  ↳ app/views/home/index.html.erb:22
  Rendered home/index.html.erb within layouts/application (9.1ms)
  Rendered shared/_navbar.html.erb (5.0ms)
  Rendered shared/_footer.html.erb (19.3ms)
Completed 200 OK in 496ms (Views: 402.0ms | ActiveRecord: 4.0ms)


Started DELETE "/logout" for ::1 at 2020-06-07 02:27:14 +0530
Processing by SessionsController#destroy as HTML
  Parameters: {"authenticity_token"=>"3M8TURJwItWW/22XiSCH1d55syXTgEClqRFx8WdOhz/2AnbFwoOcLu2D0KISKGoufYt6WBVQL6Gc2nnIun5k1g=="}
Redirected to http://localhost:3000/
Completed 302 Found in 2ms (ActiveRecord: 0.0ms)


Started GET "/" for ::1 at 2020-06-07 02:27:14 +0530
Processing by HomeController#index as HTML
Redirected to http://localhost:3000/login
Filter chain halted as :require_logged_in rendered or redirected
Completed 302 Found in 2ms (ActiveRecord: 0.0ms)


Started GET "/login" for ::1 at 2020-06-07 02:27:14 +0530
Processing by SessionsController#new as HTML
  Rendering sessions/new.html.erb within layouts/application
  Rendered sessions/new.html.erb within layouts/application (2.4ms)
  Rendered shared/_navbar.html.erb (3.0ms)
  Rendered shared/_footer.html.erb (18.5ms)
Completed 200 OK in 351ms (Views: 343.9ms | ActiveRecord: 0.0ms)


Started POST "/login" for ::1 at 2020-06-07 02:29:37 +0530
Processing by SessionsController#create as HTML
  Parameters: {"utf8"=>"✓", "authenticity_token"=>"vZ5C5rkO/E9fJyF6CIg8bRG1H4y7tjc1g+NbJ+RaczaXUydyaf1CtCRbnE+TgNGWskfW8X1mWDG2KFMeOWqQ3w==", "session"=>{"name"=>"Shubham"}, "commit"=>"Login"}
  [1m[36mUser Load (0.8ms)[0m  [1m[34mSELECT  "users".* FROM "users" WHERE "users"."name" = ? LIMIT ?[0m  [["name", "Shubham"], ["LIMIT", 1]]
  ↳ app/controllers/sessions_controller.rb:5
Redirected to http://localhost:3000/
Completed 302 Found in 100ms (ActiveRecord: 8.3ms)


Started GET "/" for ::1 at 2020-06-07 02:29:37 +0530
Processing by HomeController#index as HTML
  [1m[36mUser Load (0.6ms)[0m  [1m[34mSELECT  "users".* FROM "users" WHERE "users"."id" = ? LIMIT ?[0m  [["id", 1], ["LIMIT", 1]]
  ↳ app/helpers/session_helper.rb:14
  [1m[36mArticle Load (0.3ms)[0m  [1m[34mSELECT  "articles".* FROM "articles" ORDER BY "articles"."id" ASC LIMIT ?[0m  [["LIMIT", 1]]
  ↳ app/helpers/vote_helper.rb:5
  [1m[36mArticle Load (0.4ms)[0m  [1m[34mSELECT "articles".* FROM "articles"[0m
  ↳ app/helpers/vote_helper.rb:6
  Rendering home/index.html.erb within layouts/application
  [1m[36mCategory Load (0.3ms)[0m  [1m[34mSELECT "categories".* FROM "categories" ORDER BY "categories"."priority" ASC[0m
  ↳ app/views/home/index.html.erb:22
  Rendered home/index.html.erb within layouts/application (39.7ms)
  Rendered shared/_navbar.html.erb (8.8ms)
  Rendered shared/_footer.html.erb (19.8ms)
Completed 200 OK in 684ms (Views: 544.4ms | ActiveRecord: 5.5ms)


Started DELETE "/logout" for ::1 at 2020-06-07 02:29:39 +0530
Processing by SessionsController#destroy as HTML
  Parameters: {"authenticity_token"=>"XSejNOsaT2LE0ip9HBXOBEO1sYz+l2tZa/ucLoBkHfV36sagO+nxmb+ul0iHHSP/4Ed48ThHBF1eMJQXXVT+HA=="}
Redirected to http://localhost:3000/
Completed 302 Found in 3ms (ActiveRecord: 0.0ms)


Started GET "/" for ::1 at 2020-06-07 02:29:39 +0530
Processing by HomeController#index as HTML
Redirected to http://localhost:3000/login
Filter chain halted as :require_logged_in rendered or redirected
Completed 302 Found in 3ms (ActiveRecord: 0.0ms)


Started GET "/login" for ::1 at 2020-06-07 02:29:39 +0530
Processing by SessionsController#new as HTML
  Rendering sessions/new.html.erb within layouts/application
  Rendered sessions/new.html.erb within layouts/application (2.2ms)
  Rendered shared/_navbar.html.erb (6.0ms)
  Rendered shared/_footer.html.erb (28.3ms)
Completed 200 OK in 566ms (Views: 559.9ms | ActiveRecord: 0.0ms)


Started POST "/login" for ::1 at 2020-06-07 02:30:21 +0530
Processing by SessionsController#create as HTML
  Parameters: {"utf8"=>"✓", "authenticity_token"=>"TODzCjMFcZbFecuAiHQwNnUseV+T2a5hkXt0hX8Hw4lmLZae4/bPbb4FdrUTfN3N1t6wIlUJwWWksHy8ojcgYA==", "session"=>{"name"=>""}, "commit"=>"Login"}
  [1m[36mUser Load (0.2ms)[0m  [1m[34mSELECT  "users".* FROM "users" WHERE "users"."name" = ? LIMIT ?[0m  [["name", ""], ["LIMIT", 1]]
  ↳ app/controllers/sessions_controller.rb:5
  Rendering sessions/new.html.erb within layouts/application
  Rendered sessions/new.html.erb within layouts/application (1.7ms)
  Rendered shared/_navbar.html.erb (3.2ms)
  Rendered shared/_footer.html.erb (20.2ms)
Completed 200 OK in 297ms (Views: 278.7ms | ActiveRecord: 0.7ms)


Started GET "/" for ::1 at 2020-06-07 02:30:23 +0530
Processing by HomeController#index as HTML
Redirected to http://localhost:3000/login
Filter chain halted as :require_logged_in rendered or redirected
Completed 302 Found in 9ms (ActiveRecord: 0.0ms)


Started GET "/login" for ::1 at 2020-06-07 02:30:23 +0530
Processing by SessionsController#new as HTML
  Rendering sessions/new.html.erb within layouts/application
  Rendered sessions/new.html.erb within layouts/application (1.0ms)
  Rendered shared/_navbar.html.erb (3.2ms)
  Rendered shared/_footer.html.erb (14.9ms)
Completed 200 OK in 232ms (Views: 224.2ms | ActiveRecord: 0.0ms)


Started GET "/signup" for ::1 at 2020-06-07 02:39:19 +0530
  
SyntaxError (D:/Company Work/Microverse/RailsBeginning/ror-techno-articles/app/helpers/session_helper.rb:12: else without rescue is useless
  else
  ^~~~):
  
app/helpers/session_helper.rb:12: else without rescue is useless
app/controllers/application_controller.rb:1:in `<top (required)>'
app/controllers/users_controller.rb:1:in `<top (required)>'
Started GET "/signup" for ::1 at 2020-06-07 02:39:30 +0530
Processing by UsersController#new as HTML
  Rendering users/new.html.erb within layouts/application
  Rendered shared/_error_messages.html.erb (0.3ms)
  Rendered users/new.html.erb within layouts/application (6.5ms)
  Rendered shared/_navbar.html.erb (3.9ms)
  Rendered shared/_footer.html.erb (19.1ms)
Completed 200 OK in 351ms (Views: 316.3ms | ActiveRecord: 2.1ms)


Started POST "/users" for ::1 at 2020-06-07 02:39:34 +0530
Processing by UsersController#create as HTML
  Parameters: {"utf8"=>"✓", "authenticity_token"=>"+x21RFWn+uGMUVJcWBfkxEIozXcjgj07Qm8Nv3Q4ziDR0NDQhVREGvct72nDHwk/4doECuVSUj93pAWGqQgtyQ==", "user"=>{"name"=>"shubham"}, "commit"=>"Create account"}
  [1m[35m (0.1ms)[0m  [1m[36mbegin transaction[0m
  ↳ app/controllers/users_controller.rb:8
  [1m[36mUser Exists (0.4ms)[0m  [1m[34mSELECT  1 AS one FROM "users" WHERE LOWER("users"."name") = LOWER(?) LIMIT ?[0m  [["name", "shubham"], ["LIMIT", 1]]
  ↳ app/controllers/users_controller.rb:8
  [1m[35m (0.1ms)[0m  [1m[31mrollback transaction[0m
  ↳ app/controllers/users_controller.rb:8
  Rendering users/new.html.erb within layouts/application
  Rendered shared/_error_messages.html.erb (0.3ms)
  Rendered users/new.html.erb within layouts/application (17.5ms)
  Rendered shared/_navbar.html.erb (3.2ms)
  Rendered shared/_footer.html.erb (19.6ms)
Completed 200 OK in 558ms (Views: 363.2ms | ActiveRecord: 1.9ms)


Started POST "/users" for ::1 at 2020-06-07 02:39:36 +0530
Processing by UsersController#create as HTML
  Parameters: {"utf8"=>"✓", "authenticity_token"=>"X91B1Io/44fKWqWmg/NPJZ0o7DrSv1sYfI1FTz83pI11ECRAWsxdfLEmGJMY+6LePtolRxRvNBxJRk124gdHZA==", "user"=>{"name"=>"shubham"}, "commit"=>"Create account"}
  [1m[35m (0.1ms)[0m  [1m[36mbegin transaction[0m
  ↳ app/controllers/users_controller.rb:8
  [1m[36mUser Exists (0.3ms)[0m  [1m[34mSELECT  1 AS one FROM "users" WHERE LOWER("users"."name") = LOWER(?) LIMIT ?[0m  [["name", "shubham"], ["LIMIT", 1]]
  ↳ app/controllers/users_controller.rb:8
  [1m[35m (0.1ms)[0m  [1m[31mrollback transaction[0m
  ↳ app/controllers/users_controller.rb:8
  Rendering users/new.html.erb within layouts/application
  Rendered shared/_error_messages.html.erb (0.5ms)
  Rendered users/new.html.erb within layouts/application (23.2ms)
  Rendered shared/_navbar.html.erb (5.2ms)
  Rendered shared/_footer.html.erb (17.3ms)
Completed 200 OK in 333ms (Views: 311.6ms | ActiveRecord: 0.5ms)


Started POST "/users" for ::1 at 2020-06-07 02:40:30 +0530
  
SyntaxError (D:/Company Work/Microverse/RailsBeginning/ror-techno-articles/app/helpers/session_helper.rb:29: syntax error, unexpected end-of-input, expecting end):
  
app/helpers/session_helper.rb:29: syntax error, unexpected end-of-input, expecting end
app/controllers/application_controller.rb:1:in `<top (required)>'
app/controllers/users_controller.rb:1:in `<top (required)>'
Started POST "/users" for ::1 at 2020-06-07 02:40:46 +0530
Processing by UsersController#create as HTML
  Parameters: {"utf8"=>"✓", "authenticity_token"=>"maMi6Ilvab6JVWjYnv9zoZujumFrJIW8f3KoDRxVvAKzbkd8WZzXRfIp1e0F955aOFFzHK306rhKuaA0wWVf6w==", "user"=>{"name"=>"shubham"}, "commit"=>"Create account"}
  [1m[35m (0.1ms)[0m  [1m[36mbegin transaction[0m
  ↳ app/controllers/users_controller.rb:8
  [1m[36mUser Exists (0.4ms)[0m  [1m[34mSELECT  1 AS one FROM "users" WHERE LOWER("users"."name") = LOWER(?) LIMIT ?[0m  [["name", "shubham"], ["LIMIT", 1]]
  ↳ app/controllers/users_controller.rb:8
  [1m[35m (0.1ms)[0m  [1m[31mrollback transaction[0m
  ↳ app/controllers/users_controller.rb:8
  Rendering users/new.html.erb within layouts/application
  Rendered shared/_error_messages.html.erb (0.7ms)
  Rendered users/new.html.erb within layouts/application (8.2ms)
  Rendered shared/_navbar.html.erb (4.3ms)
  Rendered shared/_footer.html.erb (15.6ms)
Completed 200 OK in 512ms (Views: 425.6ms | ActiveRecord: 2.3ms)


Started POST "/users" for ::1 at 2020-06-07 02:40:49 +0530
Processing by UsersController#create as HTML
  Parameters: {"utf8"=>"✓", "authenticity_token"=>"DvxZRjll+sTp0amjsibWO2Q+ZPWyeP1Umm69ghcWUgIkMTzS6ZZEP5KtFJYpLjvAx8ytiHSoklCvpbW7yiax6w==", "user"=>{"name"=>"shubham"}, "commit"=>"Create account"}
  [1m[35m (0.1ms)[0m  [1m[36mbegin transaction[0m
  ↳ app/controllers/users_controller.rb:8
  [1m[36mUser Exists (0.4ms)[0m  [1m[34mSELECT  1 AS one FROM "users" WHERE LOWER("users"."name") = LOWER(?) LIMIT ?[0m  [["name", "shubham"], ["LIMIT", 1]]
  ↳ app/controllers/users_controller.rb:8
  [1m[35m (0.1ms)[0m  [1m[31mrollback transaction[0m
  ↳ app/controllers/users_controller.rb:8
  Rendering users/new.html.erb within layouts/application
  Rendered shared/_error_messages.html.erb (0.4ms)
  Rendered users/new.html.erb within layouts/application (16.6ms)
  Rendered shared/_navbar.html.erb (5.6ms)
  Rendered shared/_footer.html.erb (32.7ms)
Completed 200 OK in 395ms (Views: 372.8ms | ActiveRecord: 0.6ms)


Started POST "/users" for ::1 at 2020-06-07 02:40:50 +0530
Processing by UsersController#create as HTML
  Parameters: {"utf8"=>"✓", "authenticity_token"=>"EEdBifoXdO+ZFx8IkPcS3qFz0X69x+fiozqTED5xKjw6iiQdKuTKFOJroj0L//8lAoEYA3sXiOaW8Zsp40HJ1Q==", "user"=>{"name"=>"shubham"}, "commit"=>"Create account"}
  [1m[35m (0.1ms)[0m  [1m[36mbegin transaction[0m
  ↳ app/controllers/users_controller.rb:8
  [1m[36mUser Exists (0.3ms)[0m  [1m[34mSELECT  1 AS one FROM "users" WHERE LOWER("users"."name") = LOWER(?) LIMIT ?[0m  [["name", "shubham"], ["LIMIT", 1]]
  ↳ app/controllers/users_controller.rb:8
  [1m[35m (0.1ms)[0m  [1m[31mrollback transaction[0m
  ↳ app/controllers/users_controller.rb:8
  Rendering users/new.html.erb within layouts/application
  Rendered shared/_error_messages.html.erb (0.3ms)
  Rendered users/new.html.erb within layouts/application (6.7ms)
  Rendered shared/_navbar.html.erb (4.2ms)
  Rendered shared/_footer.html.erb (16.6ms)
Completed 200 OK in 352ms (Views: 317.9ms | ActiveRecord: 0.5ms)


Started POST "/users" for ::1 at 2020-06-07 02:40:53 +0530
Processing by UsersController#create as HTML
  Parameters: {"utf8"=>"✓", "authenticity_token"=>"ksV5UL7bxe3yqr1c66VKGXfvES0CAy5k+dFFFhYtGwq4CBzEbih7FonWAGlwrafi1B3YUMTTQWDMGk0vyx344w==", "user"=>{"name"=>"shubham"}, "commit"=>"Create account"}
  [1m[35m (0.2ms)[0m  [1m[36mbegin transaction[0m
  ↳ app/controllers/users_controller.rb:8
  [1m[36mUser Exists (0.2ms)[0m  [1m[34mSELECT  1 AS one FROM "users" WHERE LOWER("users"."name") = LOWER(?) LIMIT ?[0m  [["name", "shubham"], ["LIMIT", 1]]
  ↳ app/controllers/users_controller.rb:8
  [1m[35m (0.1ms)[0m  [1m[31mrollback transaction[0m
  ↳ app/controllers/users_controller.rb:8
  Rendering users/new.html.erb within layouts/application
  Rendered shared/_error_messages.html.erb (0.4ms)
  Rendered users/new.html.erb within layouts/application (16.6ms)
  Rendered shared/_navbar.html.erb (4.5ms)
  Rendered shared/_footer.html.erb (18.5ms)
Completed 200 OK in 304ms (Views: 287.5ms | ActiveRecord: 0.5ms)


Started GET "/users" for ::1 at 2020-06-07 02:41:12 +0530
  
ActionController::RoutingError (No route matches [GET] "/users"):
  
actionpack (5.2.4.3) lib/action_dispatch/middleware/debug_exceptions.rb:65:in `call'
web-console (3.7.0) lib/web_console/middleware.rb:135:in `call_app'
web-console (3.7.0) lib/web_console/middleware.rb:30:in `block in call'
web-console (3.7.0) lib/web_console/middleware.rb:20:in `catch'
web-console (3.7.0) lib/web_console/middleware.rb:20:in `call'
actionpack (5.2.4.3) lib/action_dispatch/middleware/show_exceptions.rb:33:in `call'
railties (5.2.4.3) lib/rails/rack/logger.rb:38:in `call_app'
railties (5.2.4.3) lib/rails/rack/logger.rb:26:in `block in call'
activesupport (5.2.4.3) lib/active_support/tagged_logging.rb:71:in `block in tagged'
activesupport (5.2.4.3) lib/active_support/tagged_logging.rb:28:in `tagged'
activesupport (5.2.4.3) lib/active_support/tagged_logging.rb:71:in `tagged'
railties (5.2.4.3) lib/rails/rack/logger.rb:26:in `call'
sprockets-rails (3.2.1) lib/sprockets/rails/quiet_assets.rb:13:in `call'
actionpack (5.2.4.3) lib/action_dispatch/middleware/remote_ip.rb:81:in `call'
actionpack (5.2.4.3) lib/action_dispatch/middleware/request_id.rb:27:in `call'
rack (2.2.2) lib/rack/method_override.rb:24:in `call'
rack (2.2.2) lib/rack/runtime.rb:22:in `call'
activesupport (5.2.4.3) lib/active_support/cache/strategy/local_cache_middleware.rb:29:in `call'
actionpack (5.2.4.3) lib/action_dispatch/middleware/executor.rb:14:in `call'
actionpack (5.2.4.3) lib/action_dispatch/middleware/static.rb:127:in `call'
rack (2.2.2) lib/rack/sendfile.rb:110:in `call'
railties (5.2.4.3) lib/rails/engine.rb:524:in `call'
puma (3.12.6) lib/puma/configuration.rb:227:in `call'
puma (3.12.6) lib/puma/server.rb:706:in `handle_request'
puma (3.12.6) lib/puma/server.rb:476:in `process_client'
puma (3.12.6) lib/puma/server.rb:334:in `block in run'
puma (3.12.6) lib/puma/thread_pool.rb:135:in `block in spawn_thread'
Started GET "/users" for ::1 at 2020-06-07 02:41:19 +0530
  
ActionController::RoutingError (No route matches [GET] "/users"):
  
actionpack (5.2.4.3) lib/action_dispatch/middleware/debug_exceptions.rb:65:in `call'
web-console (3.7.0) lib/web_console/middleware.rb:135:in `call_app'
web-console (3.7.0) lib/web_console/middleware.rb:30:in `block in call'
web-console (3.7.0) lib/web_console/middleware.rb:20:in `catch'
web-console (3.7.0) lib/web_console/middleware.rb:20:in `call'
actionpack (5.2.4.3) lib/action_dispatch/middleware/show_exceptions.rb:33:in `call'
railties (5.2.4.3) lib/rails/rack/logger.rb:38:in `call_app'
railties (5.2.4.3) lib/rails/rack/logger.rb:26:in `block in call'
activesupport (5.2.4.3) lib/active_support/tagged_logging.rb:71:in `block in tagged'
activesupport (5.2.4.3) lib/active_support/tagged_logging.rb:28:in `tagged'
activesupport (5.2.4.3) lib/active_support/tagged_logging.rb:71:in `tagged'
railties (5.2.4.3) lib/rails/rack/logger.rb:26:in `call'
sprockets-rails (3.2.1) lib/sprockets/rails/quiet_assets.rb:13:in `call'
actionpack (5.2.4.3) lib/action_dispatch/middleware/remote_ip.rb:81:in `call'
actionpack (5.2.4.3) lib/action_dispatch/middleware/request_id.rb:27:in `call'
rack (2.2.2) lib/rack/method_override.rb:24:in `call'
rack (2.2.2) lib/rack/runtime.rb:22:in `call'
activesupport (5.2.4.3) lib/active_support/cache/strategy/local_cache_middleware.rb:29:in `call'
actionpack (5.2.4.3) lib/action_dispatch/middleware/executor.rb:14:in `call'
actionpack (5.2.4.3) lib/action_dispatch/middleware/static.rb:127:in `call'
rack (2.2.2) lib/rack/sendfile.rb:110:in `call'
railties (5.2.4.3) lib/rails/engine.rb:524:in `call'
puma (3.12.6) lib/puma/configuration.rb:227:in `call'
puma (3.12.6) lib/puma/server.rb:706:in `handle_request'
puma (3.12.6) lib/puma/server.rb:476:in `process_client'
puma (3.12.6) lib/puma/server.rb:334:in `block in run'
puma (3.12.6) lib/puma/thread_pool.rb:135:in `block in spawn_thread'
Started GET "/" for ::1 at 2020-06-07 02:41:25 +0530
Processing by HomeController#index as HTML
Redirected to http://localhost:3000/login
Filter chain halted as :require_logged_in rendered or redirected
Completed 302 Found in 13ms (ActiveRecord: 0.0ms)


Started GET "/login" for ::1 at 2020-06-07 02:41:26 +0530
Processing by SessionsController#new as HTML
  Rendering sessions/new.html.erb within layouts/application
  Rendered sessions/new.html.erb within layouts/application (1.1ms)
  Rendered shared/_navbar.html.erb (4.4ms)
  Rendered shared/_footer.html.erb (22.0ms)
Completed 200 OK in 328ms (Views: 321.1ms | ActiveRecord: 0.0ms)


Started GET "/signup" for ::1 at 2020-06-07 02:41:28 +0530
Processing by UsersController#new as HTML
  Rendering users/new.html.erb within layouts/application
  Rendered shared/_error_messages.html.erb (0.5ms)
  Rendered users/new.html.erb within layouts/application (6.6ms)
  Rendered shared/_navbar.html.erb (5.7ms)
  Rendered shared/_footer.html.erb (12.6ms)
Completed 200 OK in 281ms (Views: 254.2ms | ActiveRecord: 1.3ms)


Started POST "/users" for ::1 at 2020-06-07 02:41:30 +0530
Processing by UsersController#create as HTML
  Parameters: {"utf8"=>"✓", "authenticity_token"=>"jW/ciH2/TPrzjS4ayEh+dYih01XWVwqwiLQhkUedlh2uUpoosm0oy9HKGw+8Tk1+wMBpGYLVafX+Z4PmaPoNlA==", "user"=>{"name"=>"shubham"}, "commit"=>"Create account"}
  [1m[35m (0.1ms)[0m  [1m[36mbegin transaction[0m
  ↳ app/controllers/users_controller.rb:8
  [1m[36mUser Exists (0.3ms)[0m  [1m[34mSELECT  1 AS one FROM "users" WHERE LOWER("users"."name") = LOWER(?) LIMIT ?[0m  [["name", "shubham"], ["LIMIT", 1]]
  ↳ app/controllers/users_controller.rb:8
  [1m[35m (0.1ms)[0m  [1m[31mrollback transaction[0m
  ↳ app/controllers/users_controller.rb:8
  Rendering users/new.html.erb within layouts/application
  Rendered shared/_error_messages.html.erb (1.0ms)
  Rendered users/new.html.erb within layouts/application (8.9ms)
  Rendered shared/_navbar.html.erb (3.1ms)
  Rendered shared/_footer.html.erb (13.7ms)
Completed 200 OK in 352ms (Views: 304.1ms | ActiveRecord: 0.4ms)


Started POST "/users" for ::1 at 2020-06-07 02:41:32 +0530
Processing by UsersController#create as HTML
  Parameters: {"utf8"=>"✓", "authenticity_token"=>"SWQYtK6BG22Qc+P6NUh5nDpayN1BJvPUZxV0vac30FxjqX0gfnKllusPXs+uQJRnmagBoIf2nNBS3nyEegcztQ==", "user"=>{"name"=>"shubham"}, "commit"=>"Create account"}
  [1m[35m (0.1ms)[0m  [1m[36mbegin transaction[0m
  ↳ app/controllers/users_controller.rb:8
  [1m[36mUser Exists (0.3ms)[0m  [1m[34mSELECT  1 AS one FROM "users" WHERE LOWER("users"."name") = LOWER(?) LIMIT ?[0m  [["name", "shubham"], ["LIMIT", 1]]
  ↳ app/controllers/users_controller.rb:8
  [1m[35m (1.2ms)[0m  [1m[31mrollback transaction[0m
  ↳ app/controllers/users_controller.rb:8
  Rendering users/new.html.erb within layouts/application
  Rendered shared/_error_messages.html.erb (1.3ms)
  Rendered users/new.html.erb within layouts/application (12.7ms)
  Rendered shared/_navbar.html.erb (4.6ms)
  Rendered shared/_footer.html.erb (29.4ms)
Completed 200 OK in 419ms (Views: 357.6ms | ActiveRecord: 1.6ms)


